<?xml version="1.0" encoding="UTF-8"?>
<testng-results skipped="0" failed="0" ignored="0" total="2" passed="2">
  <reporter-output>
  </reporter-output>
  <suite name="All Suite" duration-ms="16254" started-at="2023-02-20T08:12:59Z" finished-at="2023-02-20T08:13:16Z">
    <groups>
    </groups>
    <test name="Google Test" duration-ms="11233" started-at="2023-02-20T08:12:59Z" finished-at="2023-02-20T08:13:11Z">
      <class name="a1_googleTest.A1_GoogleTest">
        <test-method status="PASS" signature="verifyGooglePage()[pri:0, instance:a1_googleTest.A1_GoogleTest@1e127982]" name="verifyGooglePage" duration-ms="11212" started-at="2023-02-20T13:42:59Z" finished-at="2023-02-20T13:43:11Z">
          <reporter-output>
          </reporter-output>
        </test-method> <!-- verifyGooglePage -->
      </class> <!-- a1_googleTest.A1_GoogleTest -->
    </test> <!-- Google Test -->
    <test name="Bing Test" duration-ms="4983" started-at="2023-02-20T08:13:11Z" finished-at="2023-02-20T08:13:16Z">
      <class name="a2_bingTest.A1_BingTest">
        <test-method status="PASS" signature="verifyGooglePage()[pri:0, instance:a2_bingTest.A1_BingTest@210366b4]" name="verifyGooglePage" duration-ms="4980" started-at="2023-02-20T13:43:11Z" finished-at="2023-02-20T13:43:16Z">
          <reporter-output>
          </reporter-output>
        </test-method> <!-- verifyGooglePage -->
      </class> <!-- a2_bingTest.A1_BingTest -->
    </test> <!-- Bing Test -->
  </suite> <!-- All Suite -->
</testng-results>
